[2024-03-06 14:29:44,658, DEBUG @videotexture.DynamicLoad] Configuring datasets.pendulum with options: {'n': '2', 'test': True}
[2024-03-06 14:29:44,788, DEBUG @videotexture.DynamicLoad] Configuring models.simple with options: {'a': '4', 'b': '116'}
[2024-03-06 14:29:44,789, INFO @models.simple] Set layer sizes to 4 -> 116 -> 116 -> 4
[2024-03-06 14:29:44,790, INFO @videotexture.pendulum_error.py] Loaded physics simulator for 2-link pendulum
[2024-03-06 14:29:44,832, INFO @videotexture.pendulum_error.py] Loaded trajectories from pendulum-cache/p-physics-2.npy
[2024-03-06 14:29:44,835, INFO @videotexture.pendulum_error.py] Timestep 1
[2024-03-06 14:29:44,836, INFO @videotexture.pendulum_error.py] Timestep 2
[2024-03-06 14:29:44,838, INFO @videotexture.pendulum_error.py] Timestep 3
[2024-03-06 14:29:44,840, INFO @videotexture.pendulum_error.py] Timestep 4
[2024-03-06 14:29:44,842, INFO @videotexture.pendulum_error.py] Timestep 5
[2024-03-06 14:29:44,844, INFO @videotexture.pendulum_error.py] Timestep 6
[2024-03-06 14:29:44,845, INFO @videotexture.pendulum_error.py] Timestep 7
[2024-03-06 14:29:44,847, INFO @videotexture.pendulum_error.py] Timestep 8
[2024-03-06 14:29:44,850, INFO @videotexture.pendulum_error.py] Timestep 9
[2024-03-06 14:29:44,851, INFO @videotexture.pendulum_error.py] Timestep 10
[2024-03-06 14:29:44,852, INFO @videotexture.pendulum_error.py] Timestep 11
[2024-03-06 14:29:44,854, INFO @videotexture.pendulum_error.py] Timestep 12
[2024-03-06 14:29:44,856, INFO @videotexture.pendulum_error.py] Timestep 13
[2024-03-06 14:29:44,857, INFO @videotexture.pendulum_error.py] Timestep 14
[2024-03-06 14:29:44,860, INFO @videotexture.pendulum_error.py] Timestep 15
[2024-03-06 14:29:44,862, INFO @videotexture.pendulum_error.py] Timestep 16
[2024-03-06 14:29:44,864, INFO @videotexture.pendulum_error.py] Timestep 17
[2024-03-06 14:29:44,866, INFO @videotexture.pendulum_error.py] Timestep 18
[2024-03-06 14:29:44,868, INFO @videotexture.pendulum_error.py] Timestep 19
[2024-03-06 14:29:44,870, INFO @videotexture.pendulum_error.py] Timestep 20
[2024-03-06 14:29:44,872, INFO @videotexture.pendulum_error.py] Timestep 21
[2024-03-06 14:29:44,873, INFO @videotexture.pendulum_error.py] Timestep 22
[2024-03-06 14:29:44,874, INFO @videotexture.pendulum_error.py] Timestep 23
[2024-03-06 14:29:44,876, INFO @videotexture.pendulum_error.py] Timestep 24
[2024-03-06 14:29:44,877, INFO @videotexture.pendulum_error.py] Timestep 25
[2024-03-06 14:29:44,879, INFO @videotexture.pendulum_error.py] Timestep 26
[2024-03-06 14:29:44,880, INFO @videotexture.pendulum_error.py] Timestep 27
[2024-03-06 14:29:44,883, INFO @videotexture.pendulum_error.py] Timestep 28
[2024-03-06 14:29:44,885, INFO @videotexture.pendulum_error.py] Timestep 29
[2024-03-06 14:29:44,887, INFO @videotexture.pendulum_error.py] Timestep 30
[2024-03-06 14:29:44,889, INFO @videotexture.pendulum_error.py] Timestep 31
[2024-03-06 14:29:44,890, INFO @videotexture.pendulum_error.py] Timestep 32
[2024-03-06 14:29:44,891, INFO @videotexture.pendulum_error.py] Timestep 33
[2024-03-06 14:29:44,893, INFO @videotexture.pendulum_error.py] Timestep 34
[2024-03-06 14:29:44,894, INFO @videotexture.pendulum_error.py] Timestep 35
[2024-03-06 14:29:44,896, INFO @videotexture.pendulum_error.py] Timestep 36
[2024-03-06 14:29:44,898, INFO @videotexture.pendulum_error.py] Timestep 37
[2024-03-06 14:29:44,901, INFO @videotexture.pendulum_error.py] Timestep 38
[2024-03-06 14:29:44,902, INFO @videotexture.pendulum_error.py] Timestep 39
[2024-03-06 14:29:44,904, INFO @videotexture.pendulum_error.py] Timestep 40
[2024-03-06 14:29:44,905, INFO @videotexture.pendulum_error.py] Timestep 41
[2024-03-06 14:29:44,907, INFO @videotexture.pendulum_error.py] Timestep 42
[2024-03-06 14:29:44,908, INFO @videotexture.pendulum_error.py] Timestep 43
[2024-03-06 14:29:44,909, INFO @videotexture.pendulum_error.py] Timestep 44
[2024-03-06 14:29:44,911, INFO @videotexture.pendulum_error.py] Timestep 45
[2024-03-06 14:29:44,912, INFO @videotexture.pendulum_error.py] Timestep 46
[2024-03-06 14:29:44,915, INFO @videotexture.pendulum_error.py] Timestep 47
[2024-03-06 14:29:44,917, INFO @videotexture.pendulum_error.py] Timestep 48
[2024-03-06 14:29:44,919, INFO @videotexture.pendulum_error.py] Timestep 49
[2024-03-06 14:29:44,920, INFO @videotexture.pendulum_error.py] Timestep 50
[2024-03-06 14:29:44,921, INFO @videotexture.pendulum_error.py] Timestep 51
[2024-03-06 14:29:44,923, INFO @videotexture.pendulum_error.py] Timestep 52
[2024-03-06 14:29:44,924, INFO @videotexture.pendulum_error.py] Timestep 53
[2024-03-06 14:29:44,926, INFO @videotexture.pendulum_error.py] Timestep 54
[2024-03-06 14:29:44,927, INFO @videotexture.pendulum_error.py] Timestep 55
[2024-03-06 14:29:44,929, INFO @videotexture.pendulum_error.py] Timestep 56
[2024-03-06 14:29:44,931, INFO @videotexture.pendulum_error.py] Timestep 57
[2024-03-06 14:29:44,933, INFO @videotexture.pendulum_error.py] Timestep 58
[2024-03-06 14:29:44,935, INFO @videotexture.pendulum_error.py] Timestep 59
[2024-03-06 14:29:44,937, INFO @videotexture.pendulum_error.py] Timestep 60
[2024-03-06 14:29:44,938, INFO @videotexture.pendulum_error.py] Timestep 61
[2024-03-06 14:29:44,940, INFO @videotexture.pendulum_error.py] Timestep 62
[2024-03-06 14:29:44,941, INFO @videotexture.pendulum_error.py] Timestep 63
[2024-03-06 14:29:44,943, INFO @videotexture.pendulum_error.py] Timestep 64
[2024-03-06 14:29:44,944, INFO @videotexture.pendulum_error.py] Timestep 65
[2024-03-06 14:29:44,945, INFO @videotexture.pendulum_error.py] Timestep 66
[2024-03-06 14:29:44,947, INFO @videotexture.pendulum_error.py] Timestep 67
[2024-03-06 14:29:44,950, INFO @videotexture.pendulum_error.py] Timestep 68
[2024-03-06 14:29:44,952, INFO @videotexture.pendulum_error.py] Timestep 69
[2024-03-06 14:29:44,953, INFO @videotexture.pendulum_error.py] Timestep 70
[2024-03-06 14:29:44,955, INFO @videotexture.pendulum_error.py] Timestep 71
[2024-03-06 14:29:44,956, INFO @videotexture.pendulum_error.py] Timestep 72
[2024-03-06 14:29:44,957, INFO @videotexture.pendulum_error.py] Timestep 73
[2024-03-06 14:29:44,959, INFO @videotexture.pendulum_error.py] Timestep 74
[2024-03-06 14:29:44,960, INFO @videotexture.pendulum_error.py] Timestep 75
[2024-03-06 14:29:44,962, INFO @videotexture.pendulum_error.py] Timestep 76
[2024-03-06 14:29:44,965, INFO @videotexture.pendulum_error.py] Timestep 77
[2024-03-06 14:29:44,967, INFO @videotexture.pendulum_error.py] Timestep 78
[2024-03-06 14:29:44,969, INFO @videotexture.pendulum_error.py] Timestep 79
[2024-03-06 14:29:44,971, INFO @videotexture.pendulum_error.py] Timestep 80
[2024-03-06 14:29:44,972, INFO @videotexture.pendulum_error.py] Timestep 81
[2024-03-06 14:29:44,973, INFO @videotexture.pendulum_error.py] Timestep 82
[2024-03-06 14:29:44,975, INFO @videotexture.pendulum_error.py] Timestep 83
[2024-03-06 14:29:44,976, INFO @videotexture.pendulum_error.py] Timestep 84
[2024-03-06 14:29:44,978, INFO @videotexture.pendulum_error.py] Timestep 85
[2024-03-06 14:29:44,979, INFO @videotexture.pendulum_error.py] Timestep 86
[2024-03-06 14:29:44,981, INFO @videotexture.pendulum_error.py] Timestep 87
[2024-03-06 14:29:44,984, INFO @videotexture.pendulum_error.py] Timestep 88
[2024-03-06 14:29:44,985, INFO @videotexture.pendulum_error.py] Timestep 89
[2024-03-06 14:29:44,987, INFO @videotexture.pendulum_error.py] Timestep 90
[2024-03-06 14:29:44,989, INFO @videotexture.pendulum_error.py] Timestep 91
[2024-03-06 14:29:44,990, INFO @videotexture.pendulum_error.py] Timestep 92
[2024-03-06 14:29:44,992, INFO @videotexture.pendulum_error.py] Timestep 93
[2024-03-06 14:29:44,993, INFO @videotexture.pendulum_error.py] Timestep 94
[2024-03-06 14:29:44,994, INFO @videotexture.pendulum_error.py] Timestep 95
[2024-03-06 14:29:44,995, INFO @videotexture.pendulum_error.py] Timestep 96
[2024-03-06 14:29:44,998, INFO @videotexture.pendulum_error.py] Timestep 97
[2024-03-06 14:29:45,000, INFO @videotexture.pendulum_error.py] Timestep 98
[2024-03-06 14:29:45,001, INFO @videotexture.pendulum_error.py] Timestep 99
[2024-03-06 14:29:45,003, INFO @videotexture.pendulum_error.py] Timestep 100
[2024-03-06 14:29:45,004, INFO @videotexture.pendulum_error.py] Timestep 101
[2024-03-06 14:29:45,006, INFO @videotexture.pendulum_error.py] Timestep 102
[2024-03-06 14:29:45,007, INFO @videotexture.pendulum_error.py] Timestep 103
[2024-03-06 14:29:45,009, INFO @videotexture.pendulum_error.py] Timestep 104
[2024-03-06 14:29:45,010, INFO @videotexture.pendulum_error.py] Timestep 105
[2024-03-06 14:29:45,012, INFO @videotexture.pendulum_error.py] Timestep 106
[2024-03-06 14:29:45,013, INFO @videotexture.pendulum_error.py] Timestep 107
[2024-03-06 14:29:45,016, INFO @videotexture.pendulum_error.py] Timestep 108
[2024-03-06 14:29:45,018, INFO @videotexture.pendulum_error.py] Timestep 109
[2024-03-06 14:29:45,020, INFO @videotexture.pendulum_error.py] Timestep 110
[2024-03-06 14:29:45,021, INFO @videotexture.pendulum_error.py] Timestep 111
[2024-03-06 14:29:45,023, INFO @videotexture.pendulum_error.py] Timestep 112
[2024-03-06 14:29:45,024, INFO @videotexture.pendulum_error.py] Timestep 113
[2024-03-06 14:29:45,026, INFO @videotexture.pendulum_error.py] Timestep 114
[2024-03-06 14:29:45,027, INFO @videotexture.pendulum_error.py] Timestep 115
[2024-03-06 14:29:45,028, INFO @videotexture.pendulum_error.py] Timestep 116
[2024-03-06 14:29:45,029, INFO @videotexture.pendulum_error.py] Timestep 117
[2024-03-06 14:29:45,033, INFO @videotexture.pendulum_error.py] Timestep 118
[2024-03-06 14:29:45,035, INFO @videotexture.pendulum_error.py] Timestep 119
[2024-03-06 14:29:45,037, INFO @videotexture.pendulum_error.py] Timestep 120
[2024-03-06 14:29:45,038, INFO @videotexture.pendulum_error.py] Timestep 121
[2024-03-06 14:29:45,040, INFO @videotexture.pendulum_error.py] Timestep 122
[2024-03-06 14:29:45,041, INFO @videotexture.pendulum_error.py] Timestep 123
[2024-03-06 14:29:45,042, INFO @videotexture.pendulum_error.py] Timestep 124
[2024-03-06 14:29:45,044, INFO @videotexture.pendulum_error.py] Timestep 125
[2024-03-06 14:29:45,045, INFO @videotexture.pendulum_error.py] Timestep 126
[2024-03-06 14:29:45,047, INFO @videotexture.pendulum_error.py] Timestep 127
[2024-03-06 14:29:45,050, INFO @videotexture.pendulum_error.py] Timestep 128
[2024-03-06 14:29:45,069, INFO @videotexture.pendulum_error.py] Timestep 129
[2024-03-06 14:29:45,071, INFO @videotexture.pendulum_error.py] Timestep 130
[2024-03-06 14:29:45,073, INFO @videotexture.pendulum_error.py] Timestep 131
[2024-03-06 14:29:45,075, INFO @videotexture.pendulum_error.py] Timestep 132
[2024-03-06 14:29:45,077, INFO @videotexture.pendulum_error.py] Timestep 133
[2024-03-06 14:29:45,079, INFO @videotexture.pendulum_error.py] Timestep 134
[2024-03-06 14:29:45,096, INFO @videotexture.pendulum_error.py] Timestep 135
[2024-03-06 14:29:45,099, INFO @videotexture.pendulum_error.py] Timestep 136
[2024-03-06 14:29:45,106, INFO @videotexture.pendulum_error.py] Timestep 137
[2024-03-06 14:29:45,120, INFO @videotexture.pendulum_error.py] Timestep 138
[2024-03-06 14:29:45,122, INFO @videotexture.pendulum_error.py] Timestep 139
[2024-03-06 14:29:45,123, INFO @videotexture.pendulum_error.py] Timestep 140
[2024-03-06 14:29:45,125, INFO @videotexture.pendulum_error.py] Timestep 141
[2024-03-06 14:29:45,128, INFO @videotexture.pendulum_error.py] Timestep 142
[2024-03-06 14:29:45,130, INFO @videotexture.pendulum_error.py] Timestep 143
[2024-03-06 14:29:45,133, INFO @videotexture.pendulum_error.py] Timestep 144
[2024-03-06 14:29:45,135, INFO @videotexture.pendulum_error.py] Timestep 145
[2024-03-06 14:29:45,137, INFO @videotexture.pendulum_error.py] Timestep 146
[2024-03-06 14:29:45,140, INFO @videotexture.pendulum_error.py] Timestep 147
[2024-03-06 14:29:45,143, INFO @videotexture.pendulum_error.py] Timestep 148
[2024-03-06 14:29:45,145, INFO @videotexture.pendulum_error.py] Timestep 149
[2024-03-06 14:29:45,148, INFO @videotexture.pendulum_error.py] Timestep 150
[2024-03-06 14:29:45,151, INFO @videotexture.pendulum_error.py] Timestep 151
[2024-03-06 14:29:45,154, INFO @videotexture.pendulum_error.py] Timestep 152
[2024-03-06 14:29:45,156, INFO @videotexture.pendulum_error.py] Timestep 153
[2024-03-06 14:29:45,158, INFO @videotexture.pendulum_error.py] Timestep 154
[2024-03-06 14:29:45,160, INFO @videotexture.pendulum_error.py] Timestep 155
[2024-03-06 14:29:45,161, INFO @videotexture.pendulum_error.py] Timestep 156
[2024-03-06 14:29:45,164, INFO @videotexture.pendulum_error.py] Timestep 157
[2024-03-06 14:29:45,167, INFO @videotexture.pendulum_error.py] Timestep 158
[2024-03-06 14:29:45,169, INFO @videotexture.pendulum_error.py] Timestep 159
[2024-03-06 14:29:45,171, INFO @videotexture.pendulum_error.py] Timestep 160
[2024-03-06 14:29:45,173, INFO @videotexture.pendulum_error.py] Timestep 161
[2024-03-06 14:29:45,175, INFO @videotexture.pendulum_error.py] Timestep 162
[2024-03-06 14:29:45,177, INFO @videotexture.pendulum_error.py] Timestep 163
[2024-03-06 14:29:45,179, INFO @videotexture.pendulum_error.py] Timestep 164
[2024-03-06 14:29:45,182, INFO @videotexture.pendulum_error.py] Timestep 165
[2024-03-06 14:29:45,185, INFO @videotexture.pendulum_error.py] Timestep 166
[2024-03-06 14:29:45,187, INFO @videotexture.pendulum_error.py] Timestep 167
[2024-03-06 14:29:45,189, INFO @videotexture.pendulum_error.py] Timestep 168
[2024-03-06 14:29:45,191, INFO @videotexture.pendulum_error.py] Timestep 169
[2024-03-06 14:29:45,193, INFO @videotexture.pendulum_error.py] Timestep 170
[2024-03-06 14:29:45,194, INFO @videotexture.pendulum_error.py] Timestep 171
[2024-03-06 14:29:45,196, INFO @videotexture.pendulum_error.py] Timestep 172
[2024-03-06 14:29:45,200, INFO @videotexture.pendulum_error.py] Timestep 173
[2024-03-06 14:29:45,202, INFO @videotexture.pendulum_error.py] Timestep 174
[2024-03-06 14:29:45,204, INFO @videotexture.pendulum_error.py] Timestep 175
[2024-03-06 14:29:45,205, INFO @videotexture.pendulum_error.py] Timestep 176
[2024-03-06 14:29:45,207, INFO @videotexture.pendulum_error.py] Timestep 177
[2024-03-06 14:29:45,209, INFO @videotexture.pendulum_error.py] Timestep 178
[2024-03-06 14:29:45,211, INFO @videotexture.pendulum_error.py] Timestep 179
[2024-03-06 14:29:45,213, INFO @videotexture.pendulum_error.py] Timestep 180
[2024-03-06 14:29:45,216, INFO @videotexture.pendulum_error.py] Timestep 181
[2024-03-06 14:29:45,218, INFO @videotexture.pendulum_error.py] Timestep 182
[2024-03-06 14:29:45,220, INFO @videotexture.pendulum_error.py] Timestep 183
[2024-03-06 14:29:45,222, INFO @videotexture.pendulum_error.py] Timestep 184
[2024-03-06 14:29:45,224, INFO @videotexture.pendulum_error.py] Timestep 185
[2024-03-06 14:29:45,226, INFO @videotexture.pendulum_error.py] Timestep 186
[2024-03-06 14:29:45,228, INFO @videotexture.pendulum_error.py] Timestep 187
[2024-03-06 14:29:45,230, INFO @videotexture.pendulum_error.py] Timestep 188
[2024-03-06 14:29:45,233, INFO @videotexture.pendulum_error.py] Timestep 189
[2024-03-06 14:29:45,235, INFO @videotexture.pendulum_error.py] Timestep 190
[2024-03-06 14:29:45,237, INFO @videotexture.pendulum_error.py] Timestep 191
[2024-03-06 14:29:45,239, INFO @videotexture.pendulum_error.py] Timestep 192
[2024-03-06 14:29:45,241, INFO @videotexture.pendulum_error.py] Timestep 193
[2024-03-06 14:29:45,243, INFO @videotexture.pendulum_error.py] Timestep 194
[2024-03-06 14:29:45,244, INFO @videotexture.pendulum_error.py] Timestep 195
[2024-03-06 14:29:45,246, INFO @videotexture.pendulum_error.py] Timestep 196
[2024-03-06 14:29:45,250, INFO @videotexture.pendulum_error.py] Timestep 197
[2024-03-06 14:29:45,252, INFO @videotexture.pendulum_error.py] Timestep 198
[2024-03-06 14:29:45,254, INFO @videotexture.pendulum_error.py] Timestep 199
[2024-03-06 14:29:45,256, INFO @videotexture.pendulum_error.py] Timestep 200
[2024-03-06 14:29:45,258, INFO @videotexture.pendulum_error.py] Timestep 201
[2024-03-06 14:29:45,260, INFO @videotexture.pendulum_error.py] Timestep 202
[2024-03-06 14:29:45,261, INFO @videotexture.pendulum_error.py] Timestep 203
[2024-03-06 14:29:45,263, INFO @videotexture.pendulum_error.py] Timestep 204
[2024-03-06 14:29:45,267, INFO @videotexture.pendulum_error.py] Timestep 205
[2024-03-06 14:29:45,269, INFO @videotexture.pendulum_error.py] Timestep 206
[2024-03-06 14:29:45,272, INFO @videotexture.pendulum_error.py] Timestep 207
[2024-03-06 14:29:45,274, INFO @videotexture.pendulum_error.py] Timestep 208
[2024-03-06 14:29:45,276, INFO @videotexture.pendulum_error.py] Timestep 209
[2024-03-06 14:29:45,277, INFO @videotexture.pendulum_error.py] Timestep 210
[2024-03-06 14:29:45,279, INFO @videotexture.pendulum_error.py] Timestep 211
[2024-03-06 14:29:45,283, INFO @videotexture.pendulum_error.py] Timestep 212
[2024-03-06 14:29:45,286, INFO @videotexture.pendulum_error.py] Timestep 213
[2024-03-06 14:29:45,288, INFO @videotexture.pendulum_error.py] Timestep 214
[2024-03-06 14:29:45,290, INFO @videotexture.pendulum_error.py] Timestep 215
[2024-03-06 14:29:45,292, INFO @videotexture.pendulum_error.py] Timestep 216
[2024-03-06 14:29:45,294, INFO @videotexture.pendulum_error.py] Timestep 217
[2024-03-06 14:29:45,295, INFO @videotexture.pendulum_error.py] Timestep 218
[2024-03-06 14:29:45,299, INFO @videotexture.pendulum_error.py] Timestep 219
[2024-03-06 14:29:45,301, INFO @videotexture.pendulum_error.py] Timestep 220
[2024-03-06 14:29:45,303, INFO @videotexture.pendulum_error.py] Timestep 221
[2024-03-06 14:29:45,305, INFO @videotexture.pendulum_error.py] Timestep 222
[2024-03-06 14:29:45,307, INFO @videotexture.pendulum_error.py] Timestep 223
[2024-03-06 14:29:45,309, INFO @videotexture.pendulum_error.py] Timestep 224
[2024-03-06 14:29:45,310, INFO @videotexture.pendulum_error.py] Timestep 225
[2024-03-06 14:29:45,312, INFO @videotexture.pendulum_error.py] Timestep 226
[2024-03-06 14:29:45,315, INFO @videotexture.pendulum_error.py] Timestep 227
[2024-03-06 14:29:45,318, INFO @videotexture.pendulum_error.py] Timestep 228
[2024-03-06 14:29:45,320, INFO @videotexture.pendulum_error.py] Timestep 229
[2024-03-06 14:29:45,322, INFO @videotexture.pendulum_error.py] Timestep 230
[2024-03-06 14:29:45,324, INFO @videotexture.pendulum_error.py] Timestep 231
[2024-03-06 14:29:45,325, INFO @videotexture.pendulum_error.py] Timestep 232
[2024-03-06 14:29:45,327, INFO @videotexture.pendulum_error.py] Timestep 233
[2024-03-06 14:29:45,329, INFO @videotexture.pendulum_error.py] Timestep 234
[2024-03-06 14:29:45,331, INFO @videotexture.pendulum_error.py] Timestep 235
[2024-03-06 14:29:45,334, INFO @videotexture.pendulum_error.py] Timestep 236
[2024-03-06 14:29:45,336, INFO @videotexture.pendulum_error.py] Timestep 237
[2024-03-06 14:29:45,338, INFO @videotexture.pendulum_error.py] Timestep 238
[2024-03-06 14:29:45,339, INFO @videotexture.pendulum_error.py] Timestep 239
[2024-03-06 14:29:45,341, INFO @videotexture.pendulum_error.py] Timestep 240
[2024-03-06 14:29:45,343, INFO @videotexture.pendulum_error.py] Timestep 241
[2024-03-06 14:29:45,345, INFO @videotexture.pendulum_error.py] Timestep 242
[2024-03-06 14:29:45,347, INFO @videotexture.pendulum_error.py] Timestep 243
[2024-03-06 14:29:45,350, INFO @videotexture.pendulum_error.py] Timestep 244
[2024-03-06 14:29:45,352, INFO @videotexture.pendulum_error.py] Timestep 245
[2024-03-06 14:29:45,354, INFO @videotexture.pendulum_error.py] Timestep 246
[2024-03-06 14:29:45,356, INFO @videotexture.pendulum_error.py] Timestep 247
[2024-03-06 14:29:45,358, INFO @videotexture.pendulum_error.py] Timestep 248
[2024-03-06 14:29:45,360, INFO @videotexture.pendulum_error.py] Timestep 249
[2024-03-06 14:29:45,361, INFO @videotexture.pendulum_error.py] Timestep 250
[2024-03-06 14:29:45,363, INFO @videotexture.pendulum_error.py] Timestep 251
[2024-03-06 14:29:45,366, INFO @videotexture.pendulum_error.py] Timestep 252
[2024-03-06 14:29:45,369, INFO @videotexture.pendulum_error.py] Timestep 253
[2024-03-06 14:29:45,370, INFO @videotexture.pendulum_error.py] Timestep 254
[2024-03-06 14:29:45,372, INFO @videotexture.pendulum_error.py] Timestep 255
[2024-03-06 14:29:45,374, INFO @videotexture.pendulum_error.py] Timestep 256
[2024-03-06 14:29:45,375, INFO @videotexture.pendulum_error.py] Timestep 257
[2024-03-06 14:29:45,377, INFO @videotexture.pendulum_error.py] Timestep 258
[2024-03-06 14:29:45,379, INFO @videotexture.pendulum_error.py] Timestep 259
[2024-03-06 14:29:45,382, INFO @videotexture.pendulum_error.py] Timestep 260
[2024-03-06 14:29:45,385, INFO @videotexture.pendulum_error.py] Timestep 261
[2024-03-06 14:29:45,387, INFO @videotexture.pendulum_error.py] Timestep 262
[2024-03-06 14:29:45,389, INFO @videotexture.pendulum_error.py] Timestep 263
[2024-03-06 14:29:45,391, INFO @videotexture.pendulum_error.py] Timestep 264
[2024-03-06 14:29:45,393, INFO @videotexture.pendulum_error.py] Timestep 265
[2024-03-06 14:29:45,394, INFO @videotexture.pendulum_error.py] Timestep 266
[2024-03-06 14:29:45,396, INFO @videotexture.pendulum_error.py] Timestep 267
[2024-03-06 14:29:45,399, INFO @videotexture.pendulum_error.py] Timestep 268
[2024-03-06 14:29:45,402, INFO @videotexture.pendulum_error.py] Timestep 269
[2024-03-06 14:29:45,404, INFO @videotexture.pendulum_error.py] Timestep 270
[2024-03-06 14:29:45,405, INFO @videotexture.pendulum_error.py] Timestep 271
[2024-03-06 14:29:45,407, INFO @videotexture.pendulum_error.py] Timestep 272
[2024-03-06 14:29:45,409, INFO @videotexture.pendulum_error.py] Timestep 273
[2024-03-06 14:29:45,411, INFO @videotexture.pendulum_error.py] Timestep 274
[2024-03-06 14:29:45,413, INFO @videotexture.pendulum_error.py] Timestep 275
[2024-03-06 14:29:45,416, INFO @videotexture.pendulum_error.py] Timestep 276
[2024-03-06 14:29:45,418, INFO @videotexture.pendulum_error.py] Timestep 277
[2024-03-06 14:29:45,420, INFO @videotexture.pendulum_error.py] Timestep 278
[2024-03-06 14:29:45,422, INFO @videotexture.pendulum_error.py] Timestep 279
[2024-03-06 14:29:45,424, INFO @videotexture.pendulum_error.py] Timestep 280
[2024-03-06 14:29:45,426, INFO @videotexture.pendulum_error.py] Timestep 281
[2024-03-06 14:29:45,428, INFO @videotexture.pendulum_error.py] Timestep 282
[2024-03-06 14:29:45,429, INFO @videotexture.pendulum_error.py] Timestep 283
[2024-03-06 14:29:45,433, INFO @videotexture.pendulum_error.py] Timestep 284
[2024-03-06 14:29:45,435, INFO @videotexture.pendulum_error.py] Timestep 285
[2024-03-06 14:29:45,437, INFO @videotexture.pendulum_error.py] Timestep 286
[2024-03-06 14:29:45,439, INFO @videotexture.pendulum_error.py] Timestep 287
[2024-03-06 14:29:45,441, INFO @videotexture.pendulum_error.py] Timestep 288
[2024-03-06 14:29:45,443, INFO @videotexture.pendulum_error.py] Timestep 289
[2024-03-06 14:29:45,444, INFO @videotexture.pendulum_error.py] Timestep 290
[2024-03-06 14:29:45,446, INFO @videotexture.pendulum_error.py] Timestep 291
[2024-03-06 14:29:45,449, INFO @videotexture.pendulum_error.py] Timestep 292
[2024-03-06 14:29:45,452, INFO @videotexture.pendulum_error.py] Timestep 293
[2024-03-06 14:29:45,454, INFO @videotexture.pendulum_error.py] Timestep 294
[2024-03-06 14:29:45,455, INFO @videotexture.pendulum_error.py] Timestep 295
[2024-03-06 14:29:45,457, INFO @videotexture.pendulum_error.py] Timestep 296
[2024-03-06 14:29:45,459, INFO @videotexture.pendulum_error.py] Timestep 297
[2024-03-06 14:29:45,461, INFO @videotexture.pendulum_error.py] Timestep 298
[2024-03-06 14:29:45,462, INFO @videotexture.pendulum_error.py] Timestep 299
[2024-03-06 14:29:45,466, INFO @videotexture.pendulum_error.py] Timestep 300
[2024-03-06 14:29:45,468, INFO @videotexture.pendulum_error.py] Timestep 301
[2024-03-06 14:29:45,470, INFO @videotexture.pendulum_error.py] Timestep 302
[2024-03-06 14:29:45,472, INFO @videotexture.pendulum_error.py] Timestep 303
[2024-03-06 14:29:45,474, INFO @videotexture.pendulum_error.py] Timestep 304
[2024-03-06 14:29:45,476, INFO @videotexture.pendulum_error.py] Timestep 305
[2024-03-06 14:29:45,477, INFO @videotexture.pendulum_error.py] Timestep 306
[2024-03-06 14:29:45,479, INFO @videotexture.pendulum_error.py] Timestep 307
[2024-03-06 14:29:45,482, INFO @videotexture.pendulum_error.py] Timestep 308
[2024-03-06 14:29:45,485, INFO @videotexture.pendulum_error.py] Timestep 309
[2024-03-06 14:29:45,487, INFO @videotexture.pendulum_error.py] Timestep 310
[2024-03-06 14:29:45,489, INFO @videotexture.pendulum_error.py] Timestep 311
[2024-03-06 14:29:45,490, INFO @videotexture.pendulum_error.py] Timestep 312
[2024-03-06 14:29:45,492, INFO @videotexture.pendulum_error.py] Timestep 313
[2024-03-06 14:29:45,494, INFO @videotexture.pendulum_error.py] Timestep 314
[2024-03-06 14:29:45,496, INFO @videotexture.pendulum_error.py] Timestep 315
[2024-03-06 14:29:45,498, INFO @videotexture.pendulum_error.py] Timestep 316
[2024-03-06 14:29:45,501, INFO @videotexture.pendulum_error.py] Timestep 317
[2024-03-06 14:29:45,503, INFO @videotexture.pendulum_error.py] Timestep 318
[2024-03-06 14:29:45,505, INFO @videotexture.pendulum_error.py] Timestep 319
[2024-03-06 14:29:45,506, INFO @videotexture.pendulum_error.py] Timestep 320
[2024-03-06 14:29:45,509, INFO @videotexture.pendulum_error.py] Timestep 321
[2024-03-06 14:29:45,510, INFO @videotexture.pendulum_error.py] Timestep 322
[2024-03-06 14:29:45,512, INFO @videotexture.pendulum_error.py] Timestep 323
[2024-03-06 14:29:45,515, INFO @videotexture.pendulum_error.py] Timestep 324
[2024-03-06 14:29:45,518, INFO @videotexture.pendulum_error.py] Timestep 325
[2024-03-06 14:29:45,520, INFO @videotexture.pendulum_error.py] Timestep 326
[2024-03-06 14:29:45,522, INFO @videotexture.pendulum_error.py] Timestep 327
[2024-03-06 14:29:45,523, INFO @videotexture.pendulum_error.py] Timestep 328
[2024-03-06 14:29:45,525, INFO @videotexture.pendulum_error.py] Timestep 329
[2024-03-06 14:29:45,527, INFO @videotexture.pendulum_error.py] Timestep 330
[2024-03-06 14:29:45,529, INFO @videotexture.pendulum_error.py] Timestep 331
[2024-03-06 14:29:45,532, INFO @videotexture.pendulum_error.py] Timestep 332
[2024-03-06 14:29:45,534, INFO @videotexture.pendulum_error.py] Timestep 333
[2024-03-06 14:29:45,536, INFO @videotexture.pendulum_error.py] Timestep 334
[2024-03-06 14:29:45,538, INFO @videotexture.pendulum_error.py] Timestep 335
[2024-03-06 14:29:45,540, INFO @videotexture.pendulum_error.py] Timestep 336
[2024-03-06 14:29:45,541, INFO @videotexture.pendulum_error.py] Timestep 337
[2024-03-06 14:29:45,543, INFO @videotexture.pendulum_error.py] Timestep 338
[2024-03-06 14:29:45,545, INFO @videotexture.pendulum_error.py] Timestep 339
[2024-03-06 14:29:45,548, INFO @videotexture.pendulum_error.py] Timestep 340
[2024-03-06 14:29:45,551, INFO @videotexture.pendulum_error.py] Timestep 341
[2024-03-06 14:29:45,553, INFO @videotexture.pendulum_error.py] Timestep 342
[2024-03-06 14:29:45,555, INFO @videotexture.pendulum_error.py] Timestep 343
[2024-03-06 14:29:45,557, INFO @videotexture.pendulum_error.py] Timestep 344
[2024-03-06 14:29:45,558, INFO @videotexture.pendulum_error.py] Timestep 345
[2024-03-06 14:29:45,560, INFO @videotexture.pendulum_error.py] Timestep 346
[2024-03-06 14:29:45,562, INFO @videotexture.pendulum_error.py] Timestep 347
[2024-03-06 14:29:45,564, INFO @videotexture.pendulum_error.py] Timestep 348
[2024-03-06 14:29:45,567, INFO @videotexture.pendulum_error.py] Timestep 349
[2024-03-06 14:29:45,570, INFO @videotexture.pendulum_error.py] Timestep 350
[2024-03-06 14:29:45,571, INFO @videotexture.pendulum_error.py] Timestep 351
[2024-03-06 14:29:45,574, INFO @videotexture.pendulum_error.py] Timestep 352
[2024-03-06 14:29:45,575, INFO @videotexture.pendulum_error.py] Timestep 353
[2024-03-06 14:29:45,577, INFO @videotexture.pendulum_error.py] Timestep 354
[2024-03-06 14:29:45,579, INFO @videotexture.pendulum_error.py] Timestep 355
[2024-03-06 14:29:45,581, INFO @videotexture.pendulum_error.py] Timestep 356
[2024-03-06 14:29:45,584, INFO @videotexture.pendulum_error.py] Timestep 357
[2024-03-06 14:29:45,586, INFO @videotexture.pendulum_error.py] Timestep 358
[2024-03-06 14:29:45,588, INFO @videotexture.pendulum_error.py] Timestep 359
[2024-03-06 14:29:45,590, INFO @videotexture.pendulum_error.py] Timestep 360
[2024-03-06 14:29:45,592, INFO @videotexture.pendulum_error.py] Timestep 361
[2024-03-06 14:29:45,593, INFO @videotexture.pendulum_error.py] Timestep 362
[2024-03-06 14:29:45,595, INFO @videotexture.pendulum_error.py] Timestep 363
[2024-03-06 14:29:45,598, INFO @videotexture.pendulum_error.py] Timestep 364
[2024-03-06 14:29:45,601, INFO @videotexture.pendulum_error.py] Timestep 365
[2024-03-06 14:29:45,603, INFO @videotexture.pendulum_error.py] Timestep 366
[2024-03-06 14:29:45,605, INFO @videotexture.pendulum_error.py] Timestep 367
[2024-03-06 14:29:45,607, INFO @videotexture.pendulum_error.py] Timestep 368
[2024-03-06 14:29:45,608, INFO @videotexture.pendulum_error.py] Timestep 369
[2024-03-06 14:29:45,610, INFO @videotexture.pendulum_error.py] Timestep 370
[2024-03-06 14:29:45,612, INFO @videotexture.pendulum_error.py] Timestep 371
[2024-03-06 14:29:45,614, INFO @videotexture.pendulum_error.py] Timestep 372
[2024-03-06 14:29:45,617, INFO @videotexture.pendulum_error.py] Timestep 373
[2024-03-06 14:29:45,619, INFO @videotexture.pendulum_error.py] Timestep 374
[2024-03-06 14:29:45,621, INFO @videotexture.pendulum_error.py] Timestep 375
[2024-03-06 14:29:45,622, INFO @videotexture.pendulum_error.py] Timestep 376
[2024-03-06 14:29:45,624, INFO @videotexture.pendulum_error.py] Timestep 377
[2024-03-06 14:29:45,626, INFO @videotexture.pendulum_error.py] Timestep 378
[2024-03-06 14:29:45,628, INFO @videotexture.pendulum_error.py] Timestep 379
[2024-03-06 14:29:45,629, INFO @videotexture.pendulum_error.py] Timestep 380
[2024-03-06 14:29:45,633, INFO @videotexture.pendulum_error.py] Timestep 381
[2024-03-06 14:29:45,635, INFO @videotexture.pendulum_error.py] Timestep 382
[2024-03-06 14:29:45,637, INFO @videotexture.pendulum_error.py] Timestep 383
[2024-03-06 14:29:45,639, INFO @videotexture.pendulum_error.py] Timestep 384
[2024-03-06 14:29:45,641, INFO @videotexture.pendulum_error.py] Timestep 385
[2024-03-06 14:29:45,642, INFO @videotexture.pendulum_error.py] Timestep 386
[2024-03-06 14:29:45,644, INFO @videotexture.pendulum_error.py] Timestep 387
[2024-03-06 14:29:45,646, INFO @videotexture.pendulum_error.py] Timestep 388
[2024-03-06 14:29:45,649, INFO @videotexture.pendulum_error.py] Timestep 389
[2024-03-06 14:29:45,652, INFO @videotexture.pendulum_error.py] Timestep 390
[2024-03-06 14:29:45,654, INFO @videotexture.pendulum_error.py] Timestep 391
[2024-03-06 14:29:45,656, INFO @videotexture.pendulum_error.py] Timestep 392
[2024-03-06 14:29:45,658, INFO @videotexture.pendulum_error.py] Timestep 393
[2024-03-06 14:29:45,659, INFO @videotexture.pendulum_error.py] Timestep 394
[2024-03-06 14:29:45,661, INFO @videotexture.pendulum_error.py] Timestep 395
[2024-03-06 14:29:45,663, INFO @videotexture.pendulum_error.py] Timestep 396
[2024-03-06 14:29:45,666, INFO @videotexture.pendulum_error.py] Timestep 397
[2024-03-06 14:29:45,669, INFO @videotexture.pendulum_error.py] Timestep 398
[2024-03-06 14:29:45,670, INFO @videotexture.pendulum_error.py] Timestep 399
[2024-03-06 14:29:45,672, INFO @videotexture.pendulum_error.py] Timestep 400
[2024-03-06 14:29:45,674, INFO @videotexture.pendulum_error.py] Timestep 401
[2024-03-06 14:29:45,676, INFO @videotexture.pendulum_error.py] Timestep 402
[2024-03-06 14:29:45,678, INFO @videotexture.pendulum_error.py] Timestep 403
[2024-03-06 14:29:45,680, INFO @videotexture.pendulum_error.py] Timestep 404
[2024-03-06 14:29:45,683, INFO @videotexture.pendulum_error.py] Timestep 405
[2024-03-06 14:29:45,686, INFO @videotexture.pendulum_error.py] Timestep 406
[2024-03-06 14:29:45,688, INFO @videotexture.pendulum_error.py] Timestep 407
[2024-03-06 14:29:45,689, INFO @videotexture.pendulum_error.py] Timestep 408
[2024-03-06 14:29:45,691, INFO @videotexture.pendulum_error.py] Timestep 409
[2024-03-06 14:29:45,693, INFO @videotexture.pendulum_error.py] Timestep 410
[2024-03-06 14:29:45,695, INFO @videotexture.pendulum_error.py] Timestep 411
[2024-03-06 14:29:45,696, INFO @videotexture.pendulum_error.py] Timestep 412
[2024-03-06 14:29:45,700, INFO @videotexture.pendulum_error.py] Timestep 413
[2024-03-06 14:29:45,702, INFO @videotexture.pendulum_error.py] Timestep 414
[2024-03-06 14:29:45,704, INFO @videotexture.pendulum_error.py] Timestep 415
[2024-03-06 14:29:45,706, INFO @videotexture.pendulum_error.py] Timestep 416
[2024-03-06 14:29:45,707, INFO @videotexture.pendulum_error.py] Timestep 417
[2024-03-06 14:29:45,709, INFO @videotexture.pendulum_error.py] Timestep 418
[2024-03-06 14:29:45,711, INFO @videotexture.pendulum_error.py] Timestep 419
[2024-03-06 14:29:45,713, INFO @videotexture.pendulum_error.py] Timestep 420
[2024-03-06 14:29:45,716, INFO @videotexture.pendulum_error.py] Timestep 421
[2024-03-06 14:29:45,719, INFO @videotexture.pendulum_error.py] Timestep 422
[2024-03-06 14:29:45,721, INFO @videotexture.pendulum_error.py] Timestep 423
[2024-03-06 14:29:45,722, INFO @videotexture.pendulum_error.py] Timestep 424
[2024-03-06 14:29:45,724, INFO @videotexture.pendulum_error.py] Timestep 425
[2024-03-06 14:29:45,726, INFO @videotexture.pendulum_error.py] Timestep 426
[2024-03-06 14:29:45,728, INFO @videotexture.pendulum_error.py] Timestep 427
[2024-03-06 14:29:45,730, INFO @videotexture.pendulum_error.py] Timestep 428
[2024-03-06 14:29:45,733, INFO @videotexture.pendulum_error.py] Timestep 429
[2024-03-06 14:29:45,735, INFO @videotexture.pendulum_error.py] Timestep 430
[2024-03-06 14:29:45,737, INFO @videotexture.pendulum_error.py] Timestep 431
[2024-03-06 14:29:45,739, INFO @videotexture.pendulum_error.py] Timestep 432
[2024-03-06 14:29:45,741, INFO @videotexture.pendulum_error.py] Timestep 433
[2024-03-06 14:29:45,743, INFO @videotexture.pendulum_error.py] Timestep 434
[2024-03-06 14:29:45,744, INFO @videotexture.pendulum_error.py] Timestep 435
[2024-03-06 14:29:45,746, INFO @videotexture.pendulum_error.py] Timestep 436
[2024-03-06 14:29:45,750, INFO @videotexture.pendulum_error.py] Timestep 437
[2024-03-06 14:29:45,752, INFO @videotexture.pendulum_error.py] Timestep 438
[2024-03-06 14:29:45,754, INFO @videotexture.pendulum_error.py] Timestep 439
[2024-03-06 14:29:45,756, INFO @videotexture.pendulum_error.py] Timestep 440
[2024-03-06 14:29:45,757, INFO @videotexture.pendulum_error.py] Timestep 441
[2024-03-06 14:29:45,759, INFO @videotexture.pendulum_error.py] Timestep 442
[2024-03-06 14:29:45,761, INFO @videotexture.pendulum_error.py] Timestep 443
[2024-03-06 14:29:45,762, INFO @videotexture.pendulum_error.py] Timestep 444
[2024-03-06 14:29:45,766, INFO @videotexture.pendulum_error.py] Timestep 445
[2024-03-06 14:29:45,768, INFO @videotexture.pendulum_error.py] Timestep 446
[2024-03-06 14:29:45,770, INFO @videotexture.pendulum_error.py] Timestep 447
[2024-03-06 14:29:45,772, INFO @videotexture.pendulum_error.py] Timestep 448
[2024-03-06 14:29:45,774, INFO @videotexture.pendulum_error.py] Timestep 449
[2024-03-06 14:29:45,776, INFO @videotexture.pendulum_error.py] Timestep 450
[2024-03-06 14:29:45,777, INFO @videotexture.pendulum_error.py] Timestep 451
[2024-03-06 14:29:45,779, INFO @videotexture.pendulum_error.py] Timestep 452
[2024-03-06 14:29:45,782, INFO @videotexture.pendulum_error.py] Timestep 453
[2024-03-06 14:29:45,785, INFO @videotexture.pendulum_error.py] Timestep 454
[2024-03-06 14:29:45,787, INFO @videotexture.pendulum_error.py] Timestep 455
[2024-03-06 14:29:45,788, INFO @videotexture.pendulum_error.py] Timestep 456
[2024-03-06 14:29:45,790, INFO @videotexture.pendulum_error.py] Timestep 457
[2024-03-06 14:29:45,792, INFO @videotexture.pendulum_error.py] Timestep 458
[2024-03-06 14:29:45,794, INFO @videotexture.pendulum_error.py] Timestep 459
[2024-03-06 14:29:45,796, INFO @videotexture.pendulum_error.py] Timestep 460
[2024-03-06 14:29:45,799, INFO @videotexture.pendulum_error.py] Timestep 461
[2024-03-06 14:29:45,801, INFO @videotexture.pendulum_error.py] Timestep 462
[2024-03-06 14:29:45,803, INFO @videotexture.pendulum_error.py] Timestep 463
[2024-03-06 14:29:45,805, INFO @videotexture.pendulum_error.py] Timestep 464
[2024-03-06 14:29:45,807, INFO @videotexture.pendulum_error.py] Timestep 465
[2024-03-06 14:29:45,809, INFO @videotexture.pendulum_error.py] Timestep 466
[2024-03-06 14:29:45,811, INFO @videotexture.pendulum_error.py] Timestep 467
[2024-03-06 14:29:45,812, INFO @videotexture.pendulum_error.py] Timestep 468
[2024-03-06 14:29:45,815, INFO @videotexture.pendulum_error.py] Timestep 469
[2024-03-06 14:29:45,818, INFO @videotexture.pendulum_error.py] Timestep 470
[2024-03-06 14:29:45,820, INFO @videotexture.pendulum_error.py] Timestep 471
[2024-03-06 14:29:45,822, INFO @videotexture.pendulum_error.py] Timestep 472
[2024-03-06 14:29:45,823, INFO @videotexture.pendulum_error.py] Timestep 473
[2024-03-06 14:29:45,825, INFO @videotexture.pendulum_error.py] Timestep 474
[2024-03-06 14:29:45,827, INFO @videotexture.pendulum_error.py] Timestep 475
[2024-03-06 14:29:45,829, INFO @videotexture.pendulum_error.py] Timestep 476
[2024-03-06 14:29:45,832, INFO @videotexture.pendulum_error.py] Timestep 477
[2024-03-06 14:29:45,834, INFO @videotexture.pendulum_error.py] Timestep 478
[2024-03-06 14:29:45,836, INFO @videotexture.pendulum_error.py] Timestep 479
[2024-03-06 14:29:45,838, INFO @videotexture.pendulum_error.py] Timestep 480
[2024-03-06 14:29:45,840, INFO @videotexture.pendulum_error.py] Timestep 481
[2024-03-06 14:29:45,842, INFO @videotexture.pendulum_error.py] Timestep 482
[2024-03-06 14:29:45,844, INFO @videotexture.pendulum_error.py] Timestep 483
[2024-03-06 14:29:45,845, INFO @videotexture.pendulum_error.py] Timestep 484
[2024-03-06 14:29:45,848, INFO @videotexture.pendulum_error.py] Timestep 485
[2024-03-06 14:29:45,851, INFO @videotexture.pendulum_error.py] Timestep 486
[2024-03-06 14:29:45,853, INFO @videotexture.pendulum_error.py] Timestep 487
[2024-03-06 14:29:45,855, INFO @videotexture.pendulum_error.py] Timestep 488
[2024-03-06 14:29:45,857, INFO @videotexture.pendulum_error.py] Timestep 489
[2024-03-06 14:29:45,859, INFO @videotexture.pendulum_error.py] Timestep 490
[2024-03-06 14:29:45,860, INFO @videotexture.pendulum_error.py] Timestep 491
[2024-03-06 14:29:45,862, INFO @videotexture.pendulum_error.py] Timestep 492
[2024-03-06 14:29:45,864, INFO @videotexture.pendulum_error.py] Timestep 493
[2024-03-06 14:29:45,867, INFO @videotexture.pendulum_error.py] Timestep 494
[2024-03-06 14:29:45,869, INFO @videotexture.pendulum_error.py] Timestep 495
[2024-03-06 14:29:45,871, INFO @videotexture.pendulum_error.py] Timestep 496
[2024-03-06 14:29:45,873, INFO @videotexture.pendulum_error.py] Timestep 497
[2024-03-06 14:29:45,874, INFO @videotexture.pendulum_error.py] Timestep 498
[2024-03-06 14:29:45,876, INFO @videotexture.pendulum_error.py] Timestep 499
[2024-03-06 14:29:45,878, INFO @videotexture.pendulum_error.py] Timestep 500
[2024-03-06 14:29:45,880, INFO @videotexture.pendulum_error.py] Timestep 501
[2024-03-06 14:29:45,884, INFO @videotexture.pendulum_error.py] Timestep 502
[2024-03-06 14:29:45,886, INFO @videotexture.pendulum_error.py] Timestep 503
[2024-03-06 14:29:45,888, INFO @videotexture.pendulum_error.py] Timestep 504
[2024-03-06 14:29:45,889, INFO @videotexture.pendulum_error.py] Timestep 505
[2024-03-06 14:29:45,891, INFO @videotexture.pendulum_error.py] Timestep 506
[2024-03-06 14:29:45,893, INFO @videotexture.pendulum_error.py] Timestep 507
[2024-03-06 14:29:45,895, INFO @videotexture.pendulum_error.py] Timestep 508
[2024-03-06 14:29:45,897, INFO @videotexture.pendulum_error.py] Timestep 509
[2024-03-06 14:29:45,900, INFO @videotexture.pendulum_error.py] Timestep 510
[2024-03-06 14:29:45,903, INFO @videotexture.pendulum_error.py] Timestep 511
[2024-03-06 14:29:45,904, INFO @videotexture.pendulum_error.py] Timestep 512
[2024-03-06 14:29:45,906, INFO @videotexture.pendulum_error.py] Timestep 513
[2024-03-06 14:29:45,908, INFO @videotexture.pendulum_error.py] Timestep 514
[2024-03-06 14:29:45,910, INFO @videotexture.pendulum_error.py] Timestep 515
[2024-03-06 14:29:45,911, INFO @videotexture.pendulum_error.py] Timestep 516
[2024-03-06 14:29:45,913, INFO @videotexture.pendulum_error.py] Timestep 517
[2024-03-06 14:29:45,917, INFO @videotexture.pendulum_error.py] Timestep 518
[2024-03-06 14:29:45,919, INFO @videotexture.pendulum_error.py] Timestep 519
[2024-03-06 14:29:45,920, INFO @videotexture.pendulum_error.py] Timestep 520
[2024-03-06 14:29:45,922, INFO @videotexture.pendulum_error.py] Timestep 521
[2024-03-06 14:29:45,924, INFO @videotexture.pendulum_error.py] Timestep 522
[2024-03-06 14:29:45,926, INFO @videotexture.pendulum_error.py] Timestep 523
[2024-03-06 14:29:45,928, INFO @videotexture.pendulum_error.py] Timestep 524
[2024-03-06 14:29:45,930, INFO @videotexture.pendulum_error.py] Timestep 525
[2024-03-06 14:29:45,933, INFO @videotexture.pendulum_error.py] Timestep 526
[2024-03-06 14:29:45,935, INFO @videotexture.pendulum_error.py] Timestep 527
[2024-03-06 14:29:45,937, INFO @videotexture.pendulum_error.py] Timestep 528
[2024-03-06 14:29:45,939, INFO @videotexture.pendulum_error.py] Timestep 529
[2024-03-06 14:29:45,941, INFO @videotexture.pendulum_error.py] Timestep 530
[2024-03-06 14:29:45,943, INFO @videotexture.pendulum_error.py] Timestep 531
[2024-03-06 14:29:45,944, INFO @videotexture.pendulum_error.py] Timestep 532
[2024-03-06 14:29:45,946, INFO @videotexture.pendulum_error.py] Timestep 533
[2024-03-06 14:29:45,950, INFO @videotexture.pendulum_error.py] Timestep 534
[2024-03-06 14:29:45,952, INFO @videotexture.pendulum_error.py] Timestep 535
[2024-03-06 14:29:45,954, INFO @videotexture.pendulum_error.py] Timestep 536
[2024-03-06 14:29:45,956, INFO @videotexture.pendulum_error.py] Timestep 537
[2024-03-06 14:29:45,958, INFO @videotexture.pendulum_error.py] Timestep 538
[2024-03-06 14:29:45,960, INFO @videotexture.pendulum_error.py] Timestep 539
[2024-03-06 14:29:45,961, INFO @videotexture.pendulum_error.py] Timestep 540
[2024-03-06 14:29:45,964, INFO @videotexture.pendulum_error.py] Timestep 541
[2024-03-06 14:29:45,967, INFO @videotexture.pendulum_error.py] Timestep 542
[2024-03-06 14:29:45,969, INFO @videotexture.pendulum_error.py] Timestep 543
[2024-03-06 14:29:45,971, INFO @videotexture.pendulum_error.py] Timestep 544
[2024-03-06 14:29:45,973, INFO @videotexture.pendulum_error.py] Timestep 545
[2024-03-06 14:29:45,975, INFO @videotexture.pendulum_error.py] Timestep 546
[2024-03-06 14:29:45,977, INFO @videotexture.pendulum_error.py] Timestep 547
[2024-03-06 14:29:45,978, INFO @videotexture.pendulum_error.py] Timestep 548
[2024-03-06 14:29:45,981, INFO @videotexture.pendulum_error.py] Timestep 549
[2024-03-06 14:29:45,984, INFO @videotexture.pendulum_error.py] Timestep 550
[2024-03-06 14:29:45,986, INFO @videotexture.pendulum_error.py] Timestep 551
[2024-03-06 14:29:45,988, INFO @videotexture.pendulum_error.py] Timestep 552
[2024-03-06 14:29:45,990, INFO @videotexture.pendulum_error.py] Timestep 553
[2024-03-06 14:29:45,991, INFO @videotexture.pendulum_error.py] Timestep 554
[2024-03-06 14:29:45,993, INFO @videotexture.pendulum_error.py] Timestep 555
[2024-03-06 14:29:45,995, INFO @videotexture.pendulum_error.py] Timestep 556
[2024-03-06 14:29:45,997, INFO @videotexture.pendulum_error.py] Timestep 557
[2024-03-06 14:29:46,000, INFO @videotexture.pendulum_error.py] Timestep 558
[2024-03-06 14:29:46,002, INFO @videotexture.pendulum_error.py] Timestep 559
[2024-03-06 14:29:46,004, INFO @videotexture.pendulum_error.py] Timestep 560
[2024-03-06 14:29:46,005, INFO @videotexture.pendulum_error.py] Timestep 561
[2024-03-06 14:29:46,007, INFO @videotexture.pendulum_error.py] Timestep 562
[2024-03-06 14:29:46,009, INFO @videotexture.pendulum_error.py] Timestep 563
[2024-03-06 14:29:46,011, INFO @videotexture.pendulum_error.py] Timestep 564
[2024-03-06 14:29:46,013, INFO @videotexture.pendulum_error.py] Timestep 565
[2024-03-06 14:29:46,016, INFO @videotexture.pendulum_error.py] Timestep 566
[2024-03-06 14:29:46,019, INFO @videotexture.pendulum_error.py] Timestep 567
[2024-03-06 14:29:46,020, INFO @videotexture.pendulum_error.py] Timestep 568
[2024-03-06 14:29:46,022, INFO @videotexture.pendulum_error.py] Timestep 569
[2024-03-06 14:29:46,024, INFO @videotexture.pendulum_error.py] Timestep 570
[2024-03-06 14:29:46,026, INFO @videotexture.pendulum_error.py] Timestep 571
[2024-03-06 14:29:46,028, INFO @videotexture.pendulum_error.py] Timestep 572
[2024-03-06 14:29:46,029, INFO @videotexture.pendulum_error.py] Timestep 573
[2024-03-06 14:29:46,033, INFO @videotexture.pendulum_error.py] Timestep 574
[2024-03-06 14:29:46,035, INFO @videotexture.pendulum_error.py] Timestep 575
[2024-03-06 14:29:46,037, INFO @videotexture.pendulum_error.py] Timestep 576
[2024-03-06 14:29:46,039, INFO @videotexture.pendulum_error.py] Timestep 577
[2024-03-06 14:29:46,040, INFO @videotexture.pendulum_error.py] Timestep 578
[2024-03-06 14:29:46,042, INFO @videotexture.pendulum_error.py] Timestep 579
[2024-03-06 14:29:46,044, INFO @videotexture.pendulum_error.py] Timestep 580
[2024-03-06 14:29:46,046, INFO @videotexture.pendulum_error.py] Timestep 581
[2024-03-06 14:29:46,049, INFO @videotexture.pendulum_error.py] Timestep 582
[2024-03-06 14:29:46,052, INFO @videotexture.pendulum_error.py] Timestep 583
[2024-03-06 14:29:46,054, INFO @videotexture.pendulum_error.py] Timestep 584
[2024-03-06 14:29:46,056, INFO @videotexture.pendulum_error.py] Timestep 585
[2024-03-06 14:29:46,057, INFO @videotexture.pendulum_error.py] Timestep 586
[2024-03-06 14:29:46,059, INFO @videotexture.pendulum_error.py] Timestep 587
[2024-03-06 14:29:46,061, INFO @videotexture.pendulum_error.py] Timestep 588
[2024-03-06 14:29:46,063, INFO @videotexture.pendulum_error.py] Timestep 589
[2024-03-06 14:29:46,066, INFO @videotexture.pendulum_error.py] Timestep 590
[2024-03-06 14:29:46,069, INFO @videotexture.pendulum_error.py] Timestep 591
[2024-03-06 14:29:46,071, INFO @videotexture.pendulum_error.py] Timestep 592
[2024-03-06 14:29:46,072, INFO @videotexture.pendulum_error.py] Timestep 593
[2024-03-06 14:29:46,074, INFO @videotexture.pendulum_error.py] Timestep 594
[2024-03-06 14:29:46,076, INFO @videotexture.pendulum_error.py] Timestep 595
[2024-03-06 14:29:46,078, INFO @videotexture.pendulum_error.py] Timestep 596
[2024-03-06 14:29:46,079, INFO @videotexture.pendulum_error.py] Timestep 597
[2024-03-06 14:29:46,083, INFO @videotexture.pendulum_error.py] Timestep 598
[2024-03-06 14:29:46,085, INFO @videotexture.pendulum_error.py] Timestep 599
[2024-03-06 14:29:46,087, INFO @videotexture.pendulum_error.py] Timestep 600
[2024-03-06 14:29:46,089, INFO @videotexture.pendulum_error.py] Timestep 601
[2024-03-06 14:29:46,090, INFO @videotexture.pendulum_error.py] Timestep 602
[2024-03-06 14:29:46,092, INFO @videotexture.pendulum_error.py] Timestep 603
[2024-03-06 14:29:46,094, INFO @videotexture.pendulum_error.py] Timestep 604
[2024-03-06 14:29:46,096, INFO @videotexture.pendulum_error.py] Timestep 605
[2024-03-06 14:29:46,099, INFO @videotexture.pendulum_error.py] Timestep 606
[2024-03-06 14:29:46,102, INFO @videotexture.pendulum_error.py] Timestep 607
[2024-03-06 14:29:46,103, INFO @videotexture.pendulum_error.py] Timestep 608
[2024-03-06 14:29:46,105, INFO @videotexture.pendulum_error.py] Timestep 609
[2024-03-06 14:29:46,107, INFO @videotexture.pendulum_error.py] Timestep 610
[2024-03-06 14:29:46,109, INFO @videotexture.pendulum_error.py] Timestep 611
[2024-03-06 14:29:46,110, INFO @videotexture.pendulum_error.py] Timestep 612
[2024-03-06 14:29:46,112, INFO @videotexture.pendulum_error.py] Timestep 613
[2024-03-06 14:29:46,115, INFO @videotexture.pendulum_error.py] Timestep 614
[2024-03-06 14:29:46,118, INFO @videotexture.pendulum_error.py] Timestep 615
[2024-03-06 14:29:46,120, INFO @videotexture.pendulum_error.py] Timestep 616
[2024-03-06 14:29:46,121, INFO @videotexture.pendulum_error.py] Timestep 617
[2024-03-06 14:29:46,123, INFO @videotexture.pendulum_error.py] Timestep 618
[2024-03-06 14:29:46,125, INFO @videotexture.pendulum_error.py] Timestep 619
[2024-03-06 14:29:46,127, INFO @videotexture.pendulum_error.py] Timestep 620
[2024-03-06 14:29:46,129, INFO @videotexture.pendulum_error.py] Timestep 621
[2024-03-06 14:29:46,132, INFO @videotexture.pendulum_error.py] Timestep 622
[2024-03-06 14:29:46,135, INFO @videotexture.pendulum_error.py] Timestep 623
[2024-03-06 14:29:46,137, INFO @videotexture.pendulum_error.py] Timestep 624
[2024-03-06 14:29:46,139, INFO @videotexture.pendulum_error.py] Timestep 625
[2024-03-06 14:29:46,140, INFO @videotexture.pendulum_error.py] Timestep 626
[2024-03-06 14:29:46,142, INFO @videotexture.pendulum_error.py] Timestep 627
[2024-03-06 14:29:46,144, INFO @videotexture.pendulum_error.py] Timestep 628
[2024-03-06 14:29:46,146, INFO @videotexture.pendulum_error.py] Timestep 629
[2024-03-06 14:29:46,149, INFO @videotexture.pendulum_error.py] Timestep 630
[2024-03-06 14:29:46,151, INFO @videotexture.pendulum_error.py] Timestep 631
[2024-03-06 14:29:46,153, INFO @videotexture.pendulum_error.py] Timestep 632
[2024-03-06 14:29:46,155, INFO @videotexture.pendulum_error.py] Timestep 633
[2024-03-06 14:29:46,157, INFO @videotexture.pendulum_error.py] Timestep 634
[2024-03-06 14:29:46,159, INFO @videotexture.pendulum_error.py] Timestep 635
[2024-03-06 14:29:46,160, INFO @videotexture.pendulum_error.py] Timestep 636
[2024-03-06 14:29:46,162, INFO @videotexture.pendulum_error.py] Timestep 637
[2024-03-06 14:29:46,165, INFO @videotexture.pendulum_error.py] Timestep 638
[2024-03-06 14:29:46,168, INFO @videotexture.pendulum_error.py] Timestep 639
[2024-03-06 14:29:46,169, INFO @videotexture.pendulum_error.py] Timestep 640
[2024-03-06 14:29:46,171, INFO @videotexture.pendulum_error.py] Timestep 641
[2024-03-06 14:29:46,173, INFO @videotexture.pendulum_error.py] Timestep 642
[2024-03-06 14:29:46,175, INFO @videotexture.pendulum_error.py] Timestep 643
[2024-03-06 14:29:46,177, INFO @videotexture.pendulum_error.py] Timestep 644
[2024-03-06 14:29:46,179, INFO @videotexture.pendulum_error.py] Timestep 645
[2024-03-06 14:29:46,182, INFO @videotexture.pendulum_error.py] Timestep 646
[2024-03-06 14:29:46,184, INFO @videotexture.pendulum_error.py] Timestep 647
[2024-03-06 14:29:46,186, INFO @videotexture.pendulum_error.py] Timestep 648
[2024-03-06 14:29:46,188, INFO @videotexture.pendulum_error.py] Timestep 649
[2024-03-06 14:29:46,190, INFO @videotexture.pendulum_error.py] Timestep 650
[2024-03-06 14:29:46,192, INFO @videotexture.pendulum_error.py] Timestep 651
[2024-03-06 14:29:46,193, INFO @videotexture.pendulum_error.py] Timestep 652
[2024-03-06 14:29:46,195, INFO @videotexture.pendulum_error.py] Timestep 653
[2024-03-06 14:29:46,198, INFO @videotexture.pendulum_error.py] Timestep 654
[2024-03-06 14:29:46,200, INFO @videotexture.pendulum_error.py] Timestep 655
[2024-03-06 14:29:46,203, INFO @videotexture.pendulum_error.py] Timestep 656
[2024-03-06 14:29:46,204, INFO @videotexture.pendulum_error.py] Timestep 657
[2024-03-06 14:29:46,206, INFO @videotexture.pendulum_error.py] Timestep 658
[2024-03-06 14:29:46,208, INFO @videotexture.pendulum_error.py] Timestep 659
[2024-03-06 14:29:46,210, INFO @videotexture.pendulum_error.py] Timestep 660
[2024-03-06 14:29:46,212, INFO @videotexture.pendulum_error.py] Timestep 661
[2024-03-06 14:29:46,214, INFO @videotexture.pendulum_error.py] Timestep 662
[2024-03-06 14:29:46,217, INFO @videotexture.pendulum_error.py] Timestep 663
[2024-03-06 14:29:46,219, INFO @videotexture.pendulum_error.py] Timestep 664
[2024-03-06 14:29:46,221, INFO @videotexture.pendulum_error.py] Timestep 665
[2024-03-06 14:29:46,223, INFO @videotexture.pendulum_error.py] Timestep 666
[2024-03-06 14:29:46,224, INFO @videotexture.pendulum_error.py] Timestep 667
[2024-03-06 14:29:46,226, INFO @videotexture.pendulum_error.py] Timestep 668
[2024-03-06 14:29:46,228, INFO @videotexture.pendulum_error.py] Timestep 669
[2024-03-06 14:29:46,230, INFO @videotexture.pendulum_error.py] Timestep 670
[2024-03-06 14:29:46,233, INFO @videotexture.pendulum_error.py] Timestep 671
[2024-03-06 14:29:46,235, INFO @videotexture.pendulum_error.py] Timestep 672
[2024-03-06 14:29:46,237, INFO @videotexture.pendulum_error.py] Timestep 673
[2024-03-06 14:29:46,239, INFO @videotexture.pendulum_error.py] Timestep 674
[2024-03-06 14:29:46,241, INFO @videotexture.pendulum_error.py] Timestep 675
[2024-03-06 14:29:46,243, INFO @videotexture.pendulum_error.py] Timestep 676
[2024-03-06 14:29:46,244, INFO @videotexture.pendulum_error.py] Timestep 677
[2024-03-06 14:29:46,246, INFO @videotexture.pendulum_error.py] Timestep 678
[2024-03-06 14:29:46,250, INFO @videotexture.pendulum_error.py] Timestep 679
[2024-03-06 14:29:46,252, INFO @videotexture.pendulum_error.py] Timestep 680
[2024-03-06 14:29:46,254, INFO @videotexture.pendulum_error.py] Timestep 681
[2024-03-06 14:29:46,256, INFO @videotexture.pendulum_error.py] Timestep 682
[2024-03-06 14:29:46,258, INFO @videotexture.pendulum_error.py] Timestep 683
[2024-03-06 14:29:46,260, INFO @videotexture.pendulum_error.py] Timestep 684
[2024-03-06 14:29:46,261, INFO @videotexture.pendulum_error.py] Timestep 685
[2024-03-06 14:29:46,263, INFO @videotexture.pendulum_error.py] Timestep 686
[2024-03-06 14:29:46,268, INFO @videotexture.pendulum_error.py] Timestep 687
[2024-03-06 14:29:46,270, INFO @videotexture.pendulum_error.py] Timestep 688
[2024-03-06 14:29:46,271, INFO @videotexture.pendulum_error.py] Timestep 689
[2024-03-06 14:29:46,273, INFO @videotexture.pendulum_error.py] Timestep 690
[2024-03-06 14:29:46,275, INFO @videotexture.pendulum_error.py] Timestep 691
[2024-03-06 14:29:46,276, INFO @videotexture.pendulum_error.py] Timestep 692
[2024-03-06 14:29:46,278, INFO @videotexture.pendulum_error.py] Timestep 693
[2024-03-06 14:29:46,280, INFO @videotexture.pendulum_error.py] Timestep 694
[2024-03-06 14:29:46,284, INFO @videotexture.pendulum_error.py] Timestep 695
[2024-03-06 14:29:46,285, INFO @videotexture.pendulum_error.py] Timestep 696
[2024-03-06 14:29:46,287, INFO @videotexture.pendulum_error.py] Timestep 697
[2024-03-06 14:29:46,289, INFO @videotexture.pendulum_error.py] Timestep 698
[2024-03-06 14:29:46,291, INFO @videotexture.pendulum_error.py] Timestep 699
[2024-03-06 14:29:46,293, INFO @videotexture.pendulum_error.py] Timestep 700
[2024-03-06 14:29:46,295, INFO @videotexture.pendulum_error.py] Timestep 701
[2024-03-06 14:29:46,296, INFO @videotexture.pendulum_error.py] Timestep 702
[2024-03-06 14:29:46,300, INFO @videotexture.pendulum_error.py] Timestep 703
[2024-03-06 14:29:46,302, INFO @videotexture.pendulum_error.py] Timestep 704
[2024-03-06 14:29:46,304, INFO @videotexture.pendulum_error.py] Timestep 705
[2024-03-06 14:29:46,306, INFO @videotexture.pendulum_error.py] Timestep 706
[2024-03-06 14:29:46,308, INFO @videotexture.pendulum_error.py] Timestep 707
[2024-03-06 14:29:46,310, INFO @videotexture.pendulum_error.py] Timestep 708
[2024-03-06 14:29:46,311, INFO @videotexture.pendulum_error.py] Timestep 709
[2024-03-06 14:29:46,313, INFO @videotexture.pendulum_error.py] Timestep 710
[2024-03-06 14:29:46,317, INFO @videotexture.pendulum_error.py] Timestep 711
[2024-03-06 14:29:46,319, INFO @videotexture.pendulum_error.py] Timestep 712
[2024-03-06 14:29:46,321, INFO @videotexture.pendulum_error.py] Timestep 713
[2024-03-06 14:29:46,323, INFO @videotexture.pendulum_error.py] Timestep 714
[2024-03-06 14:29:46,324, INFO @videotexture.pendulum_error.py] Timestep 715
[2024-03-06 14:29:46,326, INFO @videotexture.pendulum_error.py] Timestep 716
[2024-03-06 14:29:46,328, INFO @videotexture.pendulum_error.py] Timestep 717
[2024-03-06 14:29:46,331, INFO @videotexture.pendulum_error.py] Timestep 718
[2024-03-06 14:29:46,333, INFO @videotexture.pendulum_error.py] Timestep 719
[2024-03-06 14:29:46,335, INFO @videotexture.pendulum_error.py] Timestep 720
[2024-03-06 14:29:46,337, INFO @videotexture.pendulum_error.py] Timestep 721
[2024-03-06 14:29:46,339, INFO @videotexture.pendulum_error.py] Timestep 722
[2024-03-06 14:29:46,341, INFO @videotexture.pendulum_error.py] Timestep 723
[2024-03-06 14:29:46,343, INFO @videotexture.pendulum_error.py] Timestep 724
[2024-03-06 14:29:46,345, INFO @videotexture.pendulum_error.py] Timestep 725
[2024-03-06 14:29:46,348, INFO @videotexture.pendulum_error.py] Timestep 726
[2024-03-06 14:29:46,350, INFO @videotexture.pendulum_error.py] Timestep 727
[2024-03-06 14:29:46,353, INFO @videotexture.pendulum_error.py] Timestep 728
[2024-03-06 14:29:46,355, INFO @videotexture.pendulum_error.py] Timestep 729
[2024-03-06 14:29:46,357, INFO @videotexture.pendulum_error.py] Timestep 730
[2024-03-06 14:29:46,360, INFO @videotexture.pendulum_error.py] Timestep 731
[2024-03-06 14:29:46,363, INFO @videotexture.pendulum_error.py] Timestep 732
[2024-03-06 14:29:46,366, INFO @videotexture.pendulum_error.py] Timestep 733
[2024-03-06 14:29:46,369, INFO @videotexture.pendulum_error.py] Timestep 734
[2024-03-06 14:29:46,372, INFO @videotexture.pendulum_error.py] Timestep 735
[2024-03-06 14:29:46,375, INFO @videotexture.pendulum_error.py] Timestep 736
[2024-03-06 14:29:46,378, INFO @videotexture.pendulum_error.py] Timestep 737
[2024-03-06 14:29:46,381, INFO @videotexture.pendulum_error.py] Timestep 738
[2024-03-06 14:29:46,384, INFO @videotexture.pendulum_error.py] Timestep 739
[2024-03-06 14:29:46,388, INFO @videotexture.pendulum_error.py] Timestep 740
[2024-03-06 14:29:46,392, INFO @videotexture.pendulum_error.py] Timestep 741
[2024-03-06 14:29:46,394, INFO @videotexture.pendulum_error.py] Timestep 742
[2024-03-06 14:29:46,396, INFO @videotexture.pendulum_error.py] Timestep 743
[2024-03-06 14:29:46,399, INFO @videotexture.pendulum_error.py] Timestep 744
[2024-03-06 14:29:46,402, INFO @videotexture.pendulum_error.py] Timestep 745
[2024-03-06 14:29:46,412, INFO @videotexture.pendulum_error.py] Timestep 746
[2024-03-06 14:29:46,414, INFO @videotexture.pendulum_error.py] Timestep 747
[2024-03-06 14:29:46,443, INFO @videotexture.pendulum_error.py] Timestep 748
[2024-03-06 14:29:46,446, INFO @videotexture.pendulum_error.py] Timestep 749
[2024-03-06 14:29:46,448, INFO @videotexture.pendulum_error.py] Timestep 750
[2024-03-06 14:29:46,450, INFO @videotexture.pendulum_error.py] Timestep 751
[2024-03-06 14:29:46,476, INFO @videotexture.pendulum_error.py] Timestep 752
[2024-03-06 14:29:46,478, INFO @videotexture.pendulum_error.py] Timestep 753
[2024-03-06 14:29:46,480, INFO @videotexture.pendulum_error.py] Timestep 754
[2024-03-06 14:29:46,483, INFO @videotexture.pendulum_error.py] Timestep 755
[2024-03-06 14:29:46,485, INFO @videotexture.pendulum_error.py] Timestep 756
[2024-03-06 14:29:46,487, INFO @videotexture.pendulum_error.py] Timestep 757
[2024-03-06 14:29:46,489, INFO @videotexture.pendulum_error.py] Timestep 758
[2024-03-06 14:29:46,491, INFO @videotexture.pendulum_error.py] Timestep 759
[2024-03-06 14:29:46,492, INFO @videotexture.pendulum_error.py] Timestep 760
[2024-03-06 14:29:46,494, INFO @videotexture.pendulum_error.py] Timestep 761
[2024-03-06 14:29:46,495, INFO @videotexture.pendulum_error.py] Timestep 762
[2024-03-06 14:29:46,497, INFO @videotexture.pendulum_error.py] Timestep 763
[2024-03-06 14:29:46,500, INFO @videotexture.pendulum_error.py] Timestep 764
[2024-03-06 14:29:46,502, INFO @videotexture.pendulum_error.py] Timestep 765
[2024-03-06 14:29:46,504, INFO @videotexture.pendulum_error.py] Timestep 766
[2024-03-06 14:29:46,505, INFO @videotexture.pendulum_error.py] Timestep 767
[2024-03-06 14:29:46,507, INFO @videotexture.pendulum_error.py] Timestep 768
[2024-03-06 14:29:46,509, INFO @videotexture.pendulum_error.py] Timestep 769
[2024-03-06 14:29:46,510, INFO @videotexture.pendulum_error.py] Timestep 770
[2024-03-06 14:29:46,512, INFO @videotexture.pendulum_error.py] Timestep 771
[2024-03-06 14:29:46,513, INFO @videotexture.pendulum_error.py] Timestep 772
[2024-03-06 14:29:46,519, INFO @videotexture.pendulum_error.py] Timestep 773
[2024-03-06 14:29:46,521, INFO @videotexture.pendulum_error.py] Timestep 774
[2024-03-06 14:29:46,522, INFO @videotexture.pendulum_error.py] Timestep 775
[2024-03-06 14:29:46,524, INFO @videotexture.pendulum_error.py] Timestep 776
[2024-03-06 14:29:46,525, INFO @videotexture.pendulum_error.py] Timestep 777
[2024-03-06 14:29:46,527, INFO @videotexture.pendulum_error.py] Timestep 778
[2024-03-06 14:29:46,528, INFO @videotexture.pendulum_error.py] Timestep 779
[2024-03-06 14:29:46,529, INFO @videotexture.pendulum_error.py] Timestep 780
[2024-03-06 14:29:46,532, INFO @videotexture.pendulum_error.py] Timestep 781
[2024-03-06 14:29:46,534, INFO @videotexture.pendulum_error.py] Timestep 782
[2024-03-06 14:29:46,536, INFO @videotexture.pendulum_error.py] Timestep 783
[2024-03-06 14:29:46,537, INFO @videotexture.pendulum_error.py] Timestep 784
[2024-03-06 14:29:46,539, INFO @videotexture.pendulum_error.py] Timestep 785
[2024-03-06 14:29:46,540, INFO @videotexture.pendulum_error.py] Timestep 786
[2024-03-06 14:29:46,541, INFO @videotexture.pendulum_error.py] Timestep 787
[2024-03-06 14:29:46,543, INFO @videotexture.pendulum_error.py] Timestep 788
[2024-03-06 14:29:46,544, INFO @videotexture.pendulum_error.py] Timestep 789
[2024-03-06 14:29:46,546, INFO @videotexture.pendulum_error.py] Timestep 790
[2024-03-06 14:29:46,548, INFO @videotexture.pendulum_error.py] Timestep 791
[2024-03-06 14:29:46,551, INFO @videotexture.pendulum_error.py] Timestep 792
[2024-03-06 14:29:46,553, INFO @videotexture.pendulum_error.py] Timestep 793
[2024-03-06 14:29:46,554, INFO @videotexture.pendulum_error.py] Timestep 794
[2024-03-06 14:29:46,556, INFO @videotexture.pendulum_error.py] Timestep 795
[2024-03-06 14:29:46,557, INFO @videotexture.pendulum_error.py] Timestep 796
[2024-03-06 14:29:46,559, INFO @videotexture.pendulum_error.py] Timestep 797
[2024-03-06 14:29:46,560, INFO @videotexture.pendulum_error.py] Timestep 798
[2024-03-06 14:29:46,562, INFO @videotexture.pendulum_error.py] Timestep 799
[2024-03-06 14:29:46,563, INFO @videotexture.pendulum_error.py] Timestep 800
[2024-03-06 14:29:46,566, INFO @videotexture.pendulum_error.py] Timestep 801
[2024-03-06 14:29:46,568, INFO @videotexture.pendulum_error.py] Timestep 802
[2024-03-06 14:29:46,569, INFO @videotexture.pendulum_error.py] Timestep 803
[2024-03-06 14:29:46,571, INFO @videotexture.pendulum_error.py] Timestep 804
[2024-03-06 14:29:46,573, INFO @videotexture.pendulum_error.py] Timestep 805
[2024-03-06 14:29:46,575, INFO @videotexture.pendulum_error.py] Timestep 806
[2024-03-06 14:29:46,576, INFO @videotexture.pendulum_error.py] Timestep 807
[2024-03-06 14:29:46,577, INFO @videotexture.pendulum_error.py] Timestep 808
[2024-03-06 14:29:46,579, INFO @videotexture.pendulum_error.py] Timestep 809
[2024-03-06 14:29:46,581, INFO @videotexture.pendulum_error.py] Timestep 810
[2024-03-06 14:29:46,584, INFO @videotexture.pendulum_error.py] Timestep 811
[2024-03-06 14:29:46,586, INFO @videotexture.pendulum_error.py] Timestep 812
[2024-03-06 14:29:46,587, INFO @videotexture.pendulum_error.py] Timestep 813
[2024-03-06 14:29:46,589, INFO @videotexture.pendulum_error.py] Timestep 814
[2024-03-06 14:29:46,590, INFO @videotexture.pendulum_error.py] Timestep 815
[2024-03-06 14:29:46,592, INFO @videotexture.pendulum_error.py] Timestep 816
[2024-03-06 14:29:46,593, INFO @videotexture.pendulum_error.py] Timestep 817
[2024-03-06 14:29:46,595, INFO @videotexture.pendulum_error.py] Timestep 818
[2024-03-06 14:29:46,596, INFO @videotexture.pendulum_error.py] Timestep 819
[2024-03-06 14:29:46,600, INFO @videotexture.pendulum_error.py] Timestep 820
[2024-03-06 14:29:46,602, INFO @videotexture.pendulum_error.py] Timestep 821
[2024-03-06 14:29:46,603, INFO @videotexture.pendulum_error.py] Timestep 822
[2024-03-06 14:29:46,605, INFO @videotexture.pendulum_error.py] Timestep 823
[2024-03-06 14:29:46,606, INFO @videotexture.pendulum_error.py] Timestep 824
[2024-03-06 14:29:46,608, INFO @videotexture.pendulum_error.py] Timestep 825
[2024-03-06 14:29:46,609, INFO @videotexture.pendulum_error.py] Timestep 826
[2024-03-06 14:29:46,611, INFO @videotexture.pendulum_error.py] Timestep 827
[2024-03-06 14:29:46,612, INFO @videotexture.pendulum_error.py] Timestep 828
[2024-03-06 14:29:46,613, INFO @videotexture.pendulum_error.py] Timestep 829
[2024-03-06 14:29:46,616, INFO @videotexture.pendulum_error.py] Timestep 830
[2024-03-06 14:29:46,618, INFO @videotexture.pendulum_error.py] Timestep 831
[2024-03-06 14:29:46,620, INFO @videotexture.pendulum_error.py] Timestep 832
[2024-03-06 14:29:46,621, INFO @videotexture.pendulum_error.py] Timestep 833
[2024-03-06 14:29:46,623, INFO @videotexture.pendulum_error.py] Timestep 834
[2024-03-06 14:29:46,624, INFO @videotexture.pendulum_error.py] Timestep 835
[2024-03-06 14:29:46,625, INFO @videotexture.pendulum_error.py] Timestep 836
[2024-03-06 14:29:46,627, INFO @videotexture.pendulum_error.py] Timestep 837
[2024-03-06 14:29:46,629, INFO @videotexture.pendulum_error.py] Timestep 838
[2024-03-06 14:29:46,630, INFO @videotexture.pendulum_error.py] Timestep 839
[2024-03-06 14:29:46,633, INFO @videotexture.pendulum_error.py] Timestep 840
[2024-03-06 14:29:46,635, INFO @videotexture.pendulum_error.py] Timestep 841
[2024-03-06 14:29:46,637, INFO @videotexture.pendulum_error.py] Timestep 842
[2024-03-06 14:29:46,639, INFO @videotexture.pendulum_error.py] Timestep 843
[2024-03-06 14:29:46,640, INFO @videotexture.pendulum_error.py] Timestep 844
[2024-03-06 14:29:46,642, INFO @videotexture.pendulum_error.py] Timestep 845
[2024-03-06 14:29:46,643, INFO @videotexture.pendulum_error.py] Timestep 846
[2024-03-06 14:29:46,645, INFO @videotexture.pendulum_error.py] Timestep 847
[2024-03-06 14:29:46,646, INFO @videotexture.pendulum_error.py] Timestep 848
[2024-03-06 14:29:46,649, INFO @videotexture.pendulum_error.py] Timestep 849
[2024-03-06 14:29:46,651, INFO @videotexture.pendulum_error.py] Timestep 850
[2024-03-06 14:29:46,653, INFO @videotexture.pendulum_error.py] Timestep 851
[2024-03-06 14:29:46,654, INFO @videotexture.pendulum_error.py] Timestep 852
[2024-03-06 14:29:46,656, INFO @videotexture.pendulum_error.py] Timestep 853
[2024-03-06 14:29:46,658, INFO @videotexture.pendulum_error.py] Timestep 854
[2024-03-06 14:29:46,659, INFO @videotexture.pendulum_error.py] Timestep 855
[2024-03-06 14:29:46,660, INFO @videotexture.pendulum_error.py] Timestep 856
[2024-03-06 14:29:46,662, INFO @videotexture.pendulum_error.py] Timestep 857
[2024-03-06 14:29:46,663, INFO @videotexture.pendulum_error.py] Timestep 858
[2024-03-06 14:29:46,666, INFO @videotexture.pendulum_error.py] Timestep 859
[2024-03-06 14:29:46,669, INFO @videotexture.pendulum_error.py] Timestep 860
[2024-03-06 14:29:46,670, INFO @videotexture.pendulum_error.py] Timestep 861
[2024-03-06 14:29:46,672, INFO @videotexture.pendulum_error.py] Timestep 862
[2024-03-06 14:29:46,673, INFO @videotexture.pendulum_error.py] Timestep 863
[2024-03-06 14:29:46,675, INFO @videotexture.pendulum_error.py] Timestep 864
[2024-03-06 14:29:46,676, INFO @videotexture.pendulum_error.py] Timestep 865
[2024-03-06 14:29:46,678, INFO @videotexture.pendulum_error.py] Timestep 866
[2024-03-06 14:29:46,679, INFO @videotexture.pendulum_error.py] Timestep 867
[2024-03-06 14:29:46,682, INFO @videotexture.pendulum_error.py] Timestep 868
[2024-03-06 14:29:46,684, INFO @videotexture.pendulum_error.py] Timestep 869
[2024-03-06 14:29:46,686, INFO @videotexture.pendulum_error.py] Timestep 870
[2024-03-06 14:29:46,688, INFO @videotexture.pendulum_error.py] Timestep 871
[2024-03-06 14:29:46,689, INFO @videotexture.pendulum_error.py] Timestep 872
[2024-03-06 14:29:46,691, INFO @videotexture.pendulum_error.py] Timestep 873
[2024-03-06 14:29:46,692, INFO @videotexture.pendulum_error.py] Timestep 874
[2024-03-06 14:29:46,693, INFO @videotexture.pendulum_error.py] Timestep 875
[2024-03-06 14:29:46,695, INFO @videotexture.pendulum_error.py] Timestep 876
[2024-03-06 14:29:46,696, INFO @videotexture.pendulum_error.py] Timestep 877
[2024-03-06 14:29:46,699, INFO @videotexture.pendulum_error.py] Timestep 878
[2024-03-06 14:29:46,701, INFO @videotexture.pendulum_error.py] Timestep 879
[2024-03-06 14:29:46,703, INFO @videotexture.pendulum_error.py] Timestep 880
[2024-03-06 14:29:46,705, INFO @videotexture.pendulum_error.py] Timestep 881
[2024-03-06 14:29:46,706, INFO @videotexture.pendulum_error.py] Timestep 882
[2024-03-06 14:29:46,707, INFO @videotexture.pendulum_error.py] Timestep 883
[2024-03-06 14:29:46,709, INFO @videotexture.pendulum_error.py] Timestep 884
[2024-03-06 14:29:46,711, INFO @videotexture.pendulum_error.py] Timestep 885
[2024-03-06 14:29:46,712, INFO @videotexture.pendulum_error.py] Timestep 886
[2024-03-06 14:29:46,715, INFO @videotexture.pendulum_error.py] Timestep 887
[2024-03-06 14:29:46,717, INFO @videotexture.pendulum_error.py] Timestep 888
[2024-03-06 14:29:46,719, INFO @videotexture.pendulum_error.py] Timestep 889
[2024-03-06 14:29:46,721, INFO @videotexture.pendulum_error.py] Timestep 890
[2024-03-06 14:29:46,723, INFO @videotexture.pendulum_error.py] Timestep 891
[2024-03-06 14:29:46,724, INFO @videotexture.pendulum_error.py] Timestep 892
[2024-03-06 14:29:46,725, INFO @videotexture.pendulum_error.py] Timestep 893
[2024-03-06 14:29:46,727, INFO @videotexture.pendulum_error.py] Timestep 894
[2024-03-06 14:29:46,728, INFO @videotexture.pendulum_error.py] Timestep 895
[2024-03-06 14:29:46,730, INFO @videotexture.pendulum_error.py] Timestep 896
[2024-03-06 14:29:46,733, INFO @videotexture.pendulum_error.py] Timestep 897
[2024-03-06 14:29:46,735, INFO @videotexture.pendulum_error.py] Timestep 898
[2024-03-06 14:29:46,736, INFO @videotexture.pendulum_error.py] Timestep 899
[2024-03-06 14:29:46,738, INFO @videotexture.pendulum_error.py] Timestep 900
[2024-03-06 14:29:46,739, INFO @videotexture.pendulum_error.py] Timestep 901
[2024-03-06 14:29:46,741, INFO @videotexture.pendulum_error.py] Timestep 902
[2024-03-06 14:29:46,742, INFO @videotexture.pendulum_error.py] Timestep 903
[2024-03-06 14:29:46,743, INFO @videotexture.pendulum_error.py] Timestep 904
[2024-03-06 14:29:46,745, INFO @videotexture.pendulum_error.py] Timestep 905
[2024-03-06 14:29:46,746, INFO @videotexture.pendulum_error.py] Timestep 906
[2024-03-06 14:29:46,750, INFO @videotexture.pendulum_error.py] Timestep 907
[2024-03-06 14:29:46,752, INFO @videotexture.pendulum_error.py] Timestep 908
[2024-03-06 14:29:46,754, INFO @videotexture.pendulum_error.py] Timestep 909
[2024-03-06 14:29:46,755, INFO @videotexture.pendulum_error.py] Timestep 910
[2024-03-06 14:29:46,756, INFO @videotexture.pendulum_error.py] Timestep 911
[2024-03-06 14:29:46,758, INFO @videotexture.pendulum_error.py] Timestep 912
[2024-03-06 14:29:46,759, INFO @videotexture.pendulum_error.py] Timestep 913
[2024-03-06 14:29:46,760, INFO @videotexture.pendulum_error.py] Timestep 914
[2024-03-06 14:29:46,762, INFO @videotexture.pendulum_error.py] Timestep 915
[2024-03-06 14:29:46,764, INFO @videotexture.pendulum_error.py] Timestep 916
[2024-03-06 14:29:46,766, INFO @videotexture.pendulum_error.py] Timestep 917
[2024-03-06 14:29:46,768, INFO @videotexture.pendulum_error.py] Timestep 918
[2024-03-06 14:29:46,770, INFO @videotexture.pendulum_error.py] Timestep 919
[2024-03-06 14:29:46,771, INFO @videotexture.pendulum_error.py] Timestep 920
[2024-03-06 14:29:46,773, INFO @videotexture.pendulum_error.py] Timestep 921
[2024-03-06 14:29:46,775, INFO @videotexture.pendulum_error.py] Timestep 922
[2024-03-06 14:29:46,776, INFO @videotexture.pendulum_error.py] Timestep 923
[2024-03-06 14:29:46,777, INFO @videotexture.pendulum_error.py] Timestep 924
[2024-03-06 14:29:46,779, INFO @videotexture.pendulum_error.py] Timestep 925
[2024-03-06 14:29:46,781, INFO @videotexture.pendulum_error.py] Timestep 926
[2024-03-06 14:29:46,784, INFO @videotexture.pendulum_error.py] Timestep 927
[2024-03-06 14:29:46,785, INFO @videotexture.pendulum_error.py] Timestep 928
[2024-03-06 14:29:46,787, INFO @videotexture.pendulum_error.py] Timestep 929
[2024-03-06 14:29:46,788, INFO @videotexture.pendulum_error.py] Timestep 930
[2024-03-06 14:29:46,790, INFO @videotexture.pendulum_error.py] Timestep 931
[2024-03-06 14:29:46,791, INFO @videotexture.pendulum_error.py] Timestep 932
[2024-03-06 14:29:46,793, INFO @videotexture.pendulum_error.py] Timestep 933
[2024-03-06 14:29:46,794, INFO @videotexture.pendulum_error.py] Timestep 934
[2024-03-06 14:29:46,796, INFO @videotexture.pendulum_error.py] Timestep 935
[2024-03-06 14:29:46,797, INFO @videotexture.pendulum_error.py] Timestep 936
[2024-03-06 14:29:46,800, INFO @videotexture.pendulum_error.py] Timestep 937
[2024-03-06 14:29:46,802, INFO @videotexture.pendulum_error.py] Timestep 938
[2024-03-06 14:29:46,804, INFO @videotexture.pendulum_error.py] Timestep 939
[2024-03-06 14:29:46,805, INFO @videotexture.pendulum_error.py] Timestep 940
[2024-03-06 14:29:46,807, INFO @videotexture.pendulum_error.py] Timestep 941
[2024-03-06 14:29:46,808, INFO @videotexture.pendulum_error.py] Timestep 942
[2024-03-06 14:29:46,810, INFO @videotexture.pendulum_error.py] Timestep 943
[2024-03-06 14:29:46,811, INFO @videotexture.pendulum_error.py] Timestep 944
[2024-03-06 14:29:46,812, INFO @videotexture.pendulum_error.py] Timestep 945
[2024-03-06 14:29:46,815, INFO @videotexture.pendulum_error.py] Timestep 946
[2024-03-06 14:29:46,817, INFO @videotexture.pendulum_error.py] Timestep 947
[2024-03-06 14:29:46,819, INFO @videotexture.pendulum_error.py] Timestep 948
[2024-03-06 14:29:46,820, INFO @videotexture.pendulum_error.py] Timestep 949
[2024-03-06 14:29:46,822, INFO @videotexture.pendulum_error.py] Timestep 950
[2024-03-06 14:29:46,823, INFO @videotexture.pendulum_error.py] Timestep 951
[2024-03-06 14:29:46,825, INFO @videotexture.pendulum_error.py] Timestep 952
[2024-03-06 14:29:46,826, INFO @videotexture.pendulum_error.py] Timestep 953
[2024-03-06 14:29:46,827, INFO @videotexture.pendulum_error.py] Timestep 954
[2024-03-06 14:29:46,828, INFO @videotexture.pendulum_error.py] Timestep 955
[2024-03-06 14:29:46,830, INFO @videotexture.pendulum_error.py] Timestep 956
[2024-03-06 14:29:46,833, INFO @videotexture.pendulum_error.py] Timestep 957
[2024-03-06 14:29:46,835, INFO @videotexture.pendulum_error.py] Timestep 958
[2024-03-06 14:29:46,837, INFO @videotexture.pendulum_error.py] Timestep 959
[2024-03-06 14:29:46,838, INFO @videotexture.pendulum_error.py] Timestep 960
[2024-03-06 14:29:46,840, INFO @videotexture.pendulum_error.py] Timestep 961
[2024-03-06 14:29:46,841, INFO @videotexture.pendulum_error.py] Timestep 962
[2024-03-06 14:29:46,843, INFO @videotexture.pendulum_error.py] Timestep 963
[2024-03-06 14:29:46,844, INFO @videotexture.pendulum_error.py] Timestep 964
[2024-03-06 14:29:46,845, INFO @videotexture.pendulum_error.py] Timestep 965
[2024-03-06 14:29:46,847, INFO @videotexture.pendulum_error.py] Timestep 966
[2024-03-06 14:29:46,851, INFO @videotexture.pendulum_error.py] Timestep 967
[2024-03-06 14:29:46,853, INFO @videotexture.pendulum_error.py] Timestep 968
[2024-03-06 14:29:46,854, INFO @videotexture.pendulum_error.py] Timestep 969
[2024-03-06 14:29:46,856, INFO @videotexture.pendulum_error.py] Timestep 970
[2024-03-06 14:29:46,857, INFO @videotexture.pendulum_error.py] Timestep 971
[2024-03-06 14:29:46,859, INFO @videotexture.pendulum_error.py] Timestep 972
[2024-03-06 14:29:46,860, INFO @videotexture.pendulum_error.py] Timestep 973
[2024-03-06 14:29:46,861, INFO @videotexture.pendulum_error.py] Timestep 974
[2024-03-06 14:29:46,863, INFO @videotexture.pendulum_error.py] Timestep 975
[2024-03-06 14:29:46,866, INFO @videotexture.pendulum_error.py] Timestep 976
[2024-03-06 14:29:46,868, INFO @videotexture.pendulum_error.py] Timestep 977
[2024-03-06 14:29:46,869, INFO @videotexture.pendulum_error.py] Timestep 978
[2024-03-06 14:29:46,871, INFO @videotexture.pendulum_error.py] Timestep 979
[2024-03-06 14:29:46,872, INFO @videotexture.pendulum_error.py] Timestep 980
[2024-03-06 14:29:46,873, INFO @videotexture.pendulum_error.py] Timestep 981
[2024-03-06 14:29:46,875, INFO @videotexture.pendulum_error.py] Timestep 982
[2024-03-06 14:29:46,876, INFO @videotexture.pendulum_error.py] Timestep 983
[2024-03-06 14:29:46,878, INFO @videotexture.pendulum_error.py] Timestep 984
[2024-03-06 14:29:46,879, INFO @videotexture.pendulum_error.py] Timestep 985
[2024-03-06 14:29:46,883, INFO @videotexture.pendulum_error.py] Timestep 986
[2024-03-06 14:29:46,885, INFO @videotexture.pendulum_error.py] Timestep 987
[2024-03-06 14:29:46,887, INFO @videotexture.pendulum_error.py] Timestep 988
[2024-03-06 14:29:46,889, INFO @videotexture.pendulum_error.py] Timestep 989
[2024-03-06 14:29:46,890, INFO @videotexture.pendulum_error.py] Timestep 990
[2024-03-06 14:29:46,891, INFO @videotexture.pendulum_error.py] Timestep 991
[2024-03-06 14:29:46,893, INFO @videotexture.pendulum_error.py] Timestep 992
[2024-03-06 14:29:46,894, INFO @videotexture.pendulum_error.py] Timestep 993
[2024-03-06 14:29:46,896, INFO @videotexture.pendulum_error.py] Timestep 994
[2024-03-06 14:29:46,898, INFO @videotexture.pendulum_error.py] Timestep 995
[2024-03-06 14:29:46,901, INFO @videotexture.pendulum_error.py] Timestep 996
[2024-03-06 14:29:46,903, INFO @videotexture.pendulum_error.py] Timestep 997
[2024-03-06 14:29:46,904, INFO @videotexture.pendulum_error.py] Timestep 998
[2024-03-06 14:29:46,906, INFO @videotexture.pendulum_error.py] Timestep 999
